{"total": {"lines":{"total":33,"covered":21,"skipped":0,"pct":63.63},"statements":{"total":34,"covered":21,"skipped":0,"pct":61.76},"functions":{"total":8,"covered":2,"skipped":0,"pct":25},"branches":{"total":8,"covered":5,"skipped":0,"pct":62.5},"branchesTrue":{"total":0,"covered":0,"skipped":0,"pct":"Unknown"}}
,"/Users/mcc/Documents/devops ros/raid-devops-day2/backend/src/index.ts": {"lines":{"total":29,"covered":17,"skipped":0,"pct":58.62},"functions":{"total":8,"covered":2,"skipped":0,"pct":25},"statements":{"total":30,"covered":17,"skipped":0,"pct":56.66},"branches":{"total":6,"covered":3,"skipped":0,"pct":50}}
,"/Users/mcc/Documents/devops ros/raid-devops-day2/backend/src/tracer.ts": {"lines":{"total":4,"covered":4,"skipped":0,"pct":100},"functions":{"total":0,"covered":0,"skipped":0,"pct":100},"statements":{"total":4,"covered":4,"skipped":0,"pct":100},"branches":{"total":2,"covered":2,"skipped":0,"pct":100}}
}
